<?xml version="1.0" encoding="UTF-8"?>
<testsuite xmlns:xsi="http://www.w3.org/2001/XMLSchema-instance" xsi:noNamespaceSchemaLocation="https://maven.apache.org/surefire/maven-surefire-plugin/xsd/surefire-test-report.xsd" name="MMcompany.AppTest" time="0.044" tests="1" errors="0" skipped="0" failures="0">
  <properties>
    <property name="sun.desktop" value="windows"/>
    <property name="awt.toolkit" value="sun.awt.windows.WToolkit"/>
    <property name="file.encoding.pkg" value="sun.io"/>
    <property name="java.specification.version" value="1.8"/>
    <property name="sun.cpu.isalist" value="amd64"/>
    <property name="sun.jnu.encoding" value="Cp1252"/>
    <property name="java.class.path" value="C:\dev\devops\localProject\sampleProject\firstLocalProject\target\test-classes;C:\dev\devops\localProject\sampleProject\firstLocalProject\target\classes;C:\Users\miah.minhazuddin\.m2\repository\junit\junit\4.11\junit-4.11.jar;C:\Users\miah.minhazuddin\.m2\repository\org\hamcrest\hamcrest-core\1.3\hamcrest-core-1.3.jar;"/>
    <property name="java.vm.vendor" value="Oracle Corporation"/>
    <property name="sun.arch.data.model" value="64"/>
    <property name="user.variant" value=""/>
    <property name="java.vendor.url" value="http://java.oracle.com/"/>
    <property name="user.timezone" value="America/New_York"/>
    <property name="java.vm.specification.version" value="1.8"/>
    <property name="os.name" value="Windows 10"/>
    <property name="user.country" value="US"/>
    <property name="sun.java.launcher" value="SUN_STANDARD"/>
    <property name="sun.boot.library.path" value="C:\dev\sdks\jdk1.8.0_221\jre\bin"/>
    <property name="sun.java.command" value="C:\Users\MIAH~1.MIN\AppData\Local\Temp\surefire8097006418838459666\surefirebooter3212994684247896017.jar C:\Users\miah.minhazuddin\AppData\Local\Temp\surefire8097006418838459666 2019-08-05T15-54-32_541-jvmRun1 surefire3119465066843678799tmp surefire_03151065223159076591tmp"/>
    <property name="surefire.test.class.path" value="C:\dev\devops\localProject\sampleProject\firstLocalProject\target\test-classes;C:\dev\devops\localProject\sampleProject\firstLocalProject\target\classes;C:\Users\miah.minhazuddin\.m2\repository\junit\junit\4.11\junit-4.11.jar;C:\Users\miah.minhazuddin\.m2\repository\org\hamcrest\hamcrest-core\1.3\hamcrest-core-1.3.jar;"/>
    <property name="sun.cpu.endian" value="little"/>
    <property name="user.home" value="C:\Users\miah.minhazuddin"/>
    <property name="user.language" value="en"/>
    <property name="java.specification.vendor" value="Oracle Corporation"/>
    <property name="java.home" value="C:\dev\sdks\jdk1.8.0_221\jre"/>
    <property name="basedir" value="C:\dev\devops\localProject\sampleProject\firstLocalProject"/>
    <property name="file.separator" value="\"/>
    <property name="line.separator" value="&#10;"/>
    <property name="java.vm.specification.vendor" value="Oracle Corporation"/>
    <property name="java.specification.name" value="Java Platform API Specification"/>
    <property name="java.awt.graphicsenv" value="sun.awt.Win32GraphicsEnvironment"/>
    <property name="surefire.real.class.path" value="C:\Users\MIAH~1.MIN\AppData\Local\Temp\surefire8097006418838459666\surefirebooter3212994684247896017.jar"/>
    <property name="sun.boot.class.path" value="C:\dev\sdks\jdk1.8.0_221\jre\lib\resources.jar;C:\dev\sdks\jdk1.8.0_221\jre\lib\rt.jar;C:\dev\sdks\jdk1.8.0_221\jre\lib\sunrsasign.jar;C:\dev\sdks\jdk1.8.0_221\jre\lib\jsse.jar;C:\dev\sdks\jdk1.8.0_221\jre\lib\jce.jar;C:\dev\sdks\jdk1.8.0_221\jre\lib\charsets.jar;C:\dev\sdks\jdk1.8.0_221\jre\lib\jfr.jar;C:\dev\sdks\jdk1.8.0_221\jre\classes"/>
    <property name="user.script" value=""/>
    <property name="sun.management.compiler" value="HotSpot 64-Bit Tiered Compilers"/>
    <property name="java.runtime.version" value="1.8.0_221-b11"/>
    <property name="user.name" value="Miah.Minhazuddin"/>
    <property name="path.separator" value=";"/>
    <property name="os.version" value="10.0"/>
    <property name="java.endorsed.dirs" value="C:\dev\sdks\jdk1.8.0_221\jre\lib\endorsed"/>
    <property name="java.runtime.name" value="Java(TM) SE Runtime Environment"/>
    <property name="file.encoding" value="Cp1252"/>
    <property name="java.vm.name" value="Java HotSpot(TM) 64-Bit Server VM"/>
    <property name="localRepository" value="C:\Users\miah.minhazuddin\.m2\repository"/>
    <property name="java.vendor.url.bug" value="http://bugreport.sun.com/bugreport/"/>
    <property name="java.io.tmpdir" value="C:\Users\MIAH~1.MIN\AppData\Local\Temp\"/>
    <property name="java.version" value="1.8.0_221"/>
    <property name="user.dir" value="C:\dev\devops\localProject\sampleProject\firstLocalProject"/>
    <property name="os.arch" value="amd64"/>
    <property name="java.vm.specification.name" value="Java Virtual Machine Specification"/>
    <property name="java.awt.printerjob" value="sun.awt.windows.WPrinterJob"/>
    <property name="sun.os.patch.level" value=""/>
    <property name="java.library.path" value="C:\dev\sdks\jdk1.8.0_221\jre\bin;C:\Windows\Sun\Java\bin;C:\Windows\system32;C:\Windows;C:\Windows\system32;C:\Windows;C:\Windows\System32\Wbem;C:\Windows\System32\WindowsPowerShell\v1.0\;C:\Windows\System32\OpenSSH\;C:\Program Files\Git\cmd;C:\Program Files\PuTTY\;C:\Users\miah.minhazuddin\AppData\Local\Microsoft\WindowsApps;C:\dev\sdks\jdk1.8.0_221\bin;C:\dev\bin\apache-maven-3.6.1\bin;;."/>
    <property name="java.vm.info" value="mixed mode"/>
    <property name="java.vendor" value="Oracle Corporation"/>
    <property name="java.vm.version" value="25.221-b11"/>
    <property name="java.ext.dirs" value="C:\dev\sdks\jdk1.8.0_221\jre\lib\ext;C:\Windows\Sun\Java\lib\ext"/>
    <property name="sun.io.unicode.encoding" value="UnicodeLittle"/>
    <property name="java.class.version" value="52.0"/>
  </properties>
  <testcase name="shouldAnswerWithTrue" classname="MMcompany.AppTest" time="0.003"/>
</testsuite>